[INFO][2014-07-24 16:24:02,005][org.jeecgframework.codegenerate.generate.CodeGenerate]----jeecg---Code----Generation----[单表模型:person]------- 生成中。。。
[INFO][2014-07-24 16:24:04,010][org.jeecgframework.codegenerate.generate.CodeGenerate]----jeecg----Code----Generation-----[单表模型：person]------ 生成完成。。。
[INFO][2014-07-24 16:27:33,885][org.jeecgframework.codegenerate.generate.CodeGenerate]----jeecg---Code----Generation----[单表模型:person]------- 生成中。。。
[INFO][2014-07-24 16:27:35,340][org.jeecgframework.codegenerate.generate.CodeGenerate]----jeecg----Code----Generation-----[单表模型：person]------ 生成完成。。。
[INFO][2014-07-24 16:56:12,836][org.jeecgframework.codegenerate.generate.CodeGenerate]----jeecg---Code----Generation----[单表模型:person]------- 生成中。。。
[INFO][2014-07-24 16:56:14,260][org.jeecgframework.codegenerate.generate.CodeGenerate]----jeecg----Code----Generation-----[单表模型：person]------ 生成完成。。。
[INFO][2014-07-25 10:40:38,200][org.jeecgframework.codegenerate.generate.CodeGenerate]----jeecg---Code----Generation----[单表模型:person]------- 生成中。。。
[INFO][2014-07-25 10:40:40,434][org.jeecgframework.codegenerate.generate.CodeGenerate]----jeecg----Code----Generation-----[单表模型：person]------ 生成完成。。。
[INFO][2014-07-25 10:42:01,875][org.jeecgframework.codegenerate.generate.CodeGenerate]----jeecg---Code----Generation----[单表模型:person]------- 生成中。。。
[INFO][2014-07-25 10:42:03,362][org.jeecgframework.codegenerate.generate.CodeGenerate]----jeecg----Code----Generation-----[单表模型：person]------ 生成完成。。。
[INFO][2014-10-23 14:53:28,476][org.jeecgframework.codegenerate.generate.onetomany.CodeGenerateOneToMany]----jeecg----Code-----Generation-----[一对多数据模型：jeecg_order_main]------- 生成中。。。
[INFO][2014-10-23 14:53:28,492][org.jeecgframework.codegenerate.generate.CodeGenerate]----jeecg---Code----Generation----[单表模型:jeecg_order_custom]------- 生成中。。。
[INFO][2014-10-23 14:53:29,585][org.jeecgframework.codegenerate.generate.CodeGenerate]----jeecg----Code----Generation-----[单表模型：jeecg_order_custom]------ 生成完成。。。
[INFO][2014-10-23 14:53:29,596][org.jeecgframework.codegenerate.generate.CodeGenerate]----jeecg---Code----Generation----[单表模型:jeecg_order_product]------- 生成中。。。
[INFO][2014-10-23 14:53:29,925][org.jeecgframework.codegenerate.generate.CodeGenerate]----jeecg----Code----Generation-----[单表模型：jeecg_order_product]------ 生成完成。。。
[INFO][2014-10-23 14:53:32,019][org.jeecgframework.codegenerate.generate.onetomany.CodeGenerateOneToMany]----jeecg----Code----Generation------[一对多数据模型：jeecg_order_main]------ 生成完成。。。
[INFO][2014-10-23 14:57:11,210][org.jeecgframework.core.util.LogUtil][test.JeecgInitDB:main():132] - 管理员
[INFO][2014-10-23 14:57:11,210][org.jeecgframework.core.util.LogUtil][test.JeecgInitDB:main():132] - 普通用户
[ERROR][2014-10-23 14:57:11,366][freemarker.runtime]Template processing error: "Expression pp.mobilePhone is undefined on line 195, column 40 in init.ftl."

Expression pp.mobilePhone is undefined on line 195, column 40 in init.ftl.
The problematic instruction:
----------
==> ${pp.mobilePhone} [on line 195, column 38 in init.ftl]
----------

Java backtrace for programmers:
----------
freemarker.core.InvalidReferenceException: Expression pp.mobilePhone is undefined on line 195, column 40 in init.ftl.
	at freemarker.core.TemplateObject.assertNonNull(TemplateObject.java:125)
	at freemarker.core.Expression.getStringValue(Expression.java:118)
	at freemarker.core.Expression.getStringValue(Expression.java:93)
	at freemarker.core.DollarVariable.accept(DollarVariable.java:76)
	at freemarker.core.Environment.visit(Environment.java:221)
	at freemarker.core.MixedContent.accept(MixedContent.java:92)
	at freemarker.core.Environment.visit(Environment.java:221)
	at freemarker.core.IteratorBlock$Context.runLoop(IteratorBlock.java:179)
	at freemarker.core.Environment.visit(Environment.java:428)
	at freemarker.core.IteratorBlock.accept(IteratorBlock.java:102)
	at freemarker.core.Environment.visit(Environment.java:221)
	at freemarker.core.MixedContent.accept(MixedContent.java:92)
	at freemarker.core.Environment.visit(Environment.java:221)
	at freemarker.core.Environment.process(Environment.java:199)
	at freemarker.template.Template.process(Template.java:259)
	at test.JeecgInitDB.main(JeecgInitDB.java:285)
[INFO][2016-04-01 11:22:12,883][org.jeecgframework.codegenerate.generate.onetomany.CodeGenerateOneToMany]----jeecg----Code-----Generation-----[一对多数据模型：jeecg_order_main]------- 生成中。。。
[INFO][2016-04-01 11:22:12,898][org.jeecgframework.codegenerate.generate.CodeGenerate]----jeecg---Code----Generation----[单表模型:jeecg_order_custom]------- 生成中。。。
[INFO][2016-04-01 11:22:13,884][org.jeecgframework.codegenerate.generate.CodeGenerate]----jeecg----Code----Generation-----[单表模型：jeecg_order_custom]------ 生成完成。。。
[INFO][2016-04-01 11:22:13,886][org.jeecgframework.codegenerate.generate.CodeGenerate]----jeecg---Code----Generation----[单表模型:jeecg_order_product]------- 生成中。。。
[INFO][2016-04-01 11:22:14,165][org.jeecgframework.codegenerate.generate.CodeGenerate]----jeecg----Code----Generation-----[单表模型：jeecg_order_product]------ 生成完成。。。
[INFO][2016-04-01 11:22:15,920][org.jeecgframework.codegenerate.generate.onetomany.CodeGenerateOneToMany]----jeecg----Code----Generation------[一对多数据模型：jeecg_order_main]------ 生成完成。。。
